Array
(
    [type] => org
    [orgLogo] => 2/myOrg/1604425841
    [orgType] => 0
    [orgId] => 2
    [userid] => 82
    [fullName] => Ajmal
    [name] => Ajmal
    [username] => ajmal
    [email] => ajmal@jsoftsolution.com.my
    [status] => 1
    [role] => 4
    [userEditable] => 1
    [downloadclients] => 
    [editcomplaint] => 
    [paidStatus] => 
)
Array
(
    [type] => org
    [orgLogo] => 2/myOrg/1604425841
    [orgType] => 0
    [orgId] => 2
    [userid] => 82
    [fullName] => Ajmal
    [name] => Ajmal
    [username] => ajmal
    [email] => ajmal@jsoftsolution.com.my
    [status] => 1
    [role] => 4
    [userEditable] => 1
    [downloadclients] => 
    [editcomplaint] => 
    [paidStatus] => 
    [stphone] => [{"wid":"80","phone":"60126926786"},{"wid":"81","phone":"601133519224"},{"wid":"82","phone":"918968022885"},{"wid":"83","phone":"919626175679"},{"wid":"84","phone":"0143344545"},{"wid":"85","phone":"0178880567"},{"wid":"86","phone":"0102974681"},{"wid":"89","phone":"011234567"},{"wid":"90","phone":"0112435678"},{"wid":"91","phone":"0125509210"},{"wid":"92","phone":"0129960188"},{"wid":"93","phone":"123456789"},{"wid":"94","phone":"123875430"},{"wid":"102","phone":"2312313"},{"wid":"101","phone":"2312313"},{"wid":"103","phone":"2312313"}]
    [feedback] => <div class='alert alert-success' role='alert'>


					<strong>SUCCESS!</strong> JOB ASSIGNED SUCCESSFULLY


					</div>
/n<div class='alert alert-warning' role='alert'>

		<strong>FAILED!</strong> FAILED TO SEND E-MAIL 

		</div>

)
Array
(
    [type] => org
    [orgLogo] => 2/myOrg/1604425841
    [orgType] => 0
    [orgId] => 2
    [userid] => 82
    [fullName] => Ajmal
    [name] => Ajmal
    [username] => ajmal
    [email] => ajmal@jsoftsolution.com.my
    [status] => 1
    [role] => 4
    [userEditable] => 1
    [downloadclients] => 
    [editcomplaint] => 
    [paidStatus] => 
    [module] => Array
        (
            [0] => 
            [4] => 1
            [6] => 1
            [10] => 1
            [11] => 1
            [12] => 1
            [15] => 1
            [16] => 1
            [17] => 1
            [18] => 1
            [19] => 1
            [20] => 1
            [22] => 1
            [27] => 1
            [35] => 1
        )

    [cid] => 158
    [clientAddress] => No, 4 G/R, Jalan BK 5A/2A, Bandar Kinrara,, , 47100, Puchong, SELANGOR
    [clientInstalAddress] =>  
)
Array
(
    [type] => org
    [orgLogo] => 2/myOrg/1604425841
    [orgType] => 0
    [orgId] => 2
    [userid] => 82
    [fullName] => Ajmal
    [name] => Ajmal
    [username] => ajmal
    [email] => ajmal@jsoftsolution.com.my
    [status] => 1
    [role] => 4
    [userEditable] => 1
    [downloadclients] => 
    [editcomplaint] => 
    [paidStatus] => 
    [cid] => 158
    [clientAddress] => No, 4 G/R, Jalan BK 5A/2A, Bandar Kinrara,, , 47100, Puchong, SELANGOR
    [clientInstalAddress] =>  
    [module] => Array
        (
            [0] => 
            [4] => 1
            [6] => 1
            [10] => 1
            [11] => 1
            [12] => 1
            [15] => 1
            [16] => 1
            [17] => 1
            [18] => 1
            [19] => 1
            [20] => 1
            [22] => 1
            [27] => 1
            [35] => 1
        )

)
Array
(
    [type] => org
    [orgLogo] => 2/myOrg/1604425841
    [orgType] => 0
    [orgId] => 2
    [userid] => 82
    [fullName] => Ajmal
    [name] => Ajmal
    [username] => ajmal
    [email] => ajmal@jsoftsolution.com.my
    [status] => 1
    [role] => 4
    [userEditable] => 1
    [downloadclients] => 
    [editcomplaint] => 
    [paidStatus] => 
    [cid] => 158
    [clientAddress] => No, 4 G/R, Jalan BK 5A/2A, Bandar Kinrara,, , 47100, Puchong, SELANGOR
    [clientInstalAddress] =>  
)
Array
(
    [type] => org
    [orgLogo] => 2/myOrg/1604425841
    [orgType] => 0
    [orgId] => 2
    [userid] => 82
    [fullName] => Ajmal
    [name] => Ajmal
    [username] => ajmal
    [email] => ajmal@jsoftsolution.com.my
    [status] => 1
    [role] => 4
    [userEditable] => 1
    [downloadclients] => 
    [editcomplaint] => 
    [paidStatus] => 
    [module] => Array
        (
            [0] => 
            [4] => 1
            [6] => 1
            [10] => 1
            [11] => 1
            [12] => 1
            [15] => 1
            [16] => 1
            [17] => 1
            [18] => 1
            [19] => 1
            [20] => 1
            [22] => 1
            [27] => 1
            [35] => 1
        )

    [cid] => 158
    [clientAddress] => No, 4 G/R, Jalan BK 5A/2A, Bandar Kinrara,, , 47100, Puchong, SELANGOR
    [clientInstalAddress] =>  
)
Array
(
    [type] => org
    [orgLogo] => 2/myOrg/1604425841
    [orgType] => 0
    [orgId] => 2
    [userid] => 82
    [fullName] => Ajmal
    [name] => Ajmal
    [username] => ajmal
    [email] => ajmal@jsoftsolution.com.my
    [status] => 1
    [role] => 4
    [userEditable] => 1
    [downloadclients] => 
    [editcomplaint] => 
    [paidStatus] => 
    [cid] => 158
    [clientAddress] => No, 4 G/R, Jalan BK 5A/2A, Bandar Kinrara,, , 47100, Puchong, SELANGOR
    [clientInstalAddress] =>  
    [stphone] => [{"wid":"80","phone":"60126926786"},{"wid":"81","phone":"601133519224"},{"wid":"82","phone":"918968022885"},{"wid":"83","phone":"919626175679"},{"wid":"84","phone":"0143344545"},{"wid":"85","phone":"0178880567"},{"wid":"86","phone":"0102974681"},{"wid":"89","phone":"011234567"},{"wid":"90","phone":"0112435678"},{"wid":"91","phone":"0125509210"},{"wid":"92","phone":"0129960188"},{"wid":"93","phone":"123456789"},{"wid":"94","phone":"123875430"},{"wid":"102","phone":"2312313"},{"wid":"101","phone":"2312313"},{"wid":"103","phone":"2312313"}]
    [feedback] => <div class='alert alert-success' role='alert'>


      <strong>SUCCESS!</strong> JOB REASSIGNED SUCCESSFULLY


      </div>

)
Array
(
    [type] => org
    [orgLogo] => 2/myOrg/1604425841
    [orgType] => 0
    [orgId] => 2
    [userid] => 82
    [fullName] => Ajmal
    [name] => Ajmal
    [username] => ajmal
    [email] => ajmal@jsoftsolution.com.my
    [status] => 1
    [role] => 4
    [userEditable] => 1
    [downloadclients] => 
    [editcomplaint] => 
    [paidStatus] => 
    [cid] => 158
    [clientAddress] => No, 4 G/R, Jalan BK 5A/2A, Bandar Kinrara,, , 47100, Puchong, SELANGOR
    [clientInstalAddress] =>  
    [stphone] => [{"wid":"80","phone":"60126926786"},{"wid":"81","phone":"601133519224"},{"wid":"82","phone":"918968022885"},{"wid":"83","phone":"919626175679"},{"wid":"84","phone":"0143344545"},{"wid":"85","phone":"0178880567"},{"wid":"86","phone":"0102974681"},{"wid":"89","phone":"011234567"},{"wid":"90","phone":"0112435678"},{"wid":"91","phone":"0125509210"},{"wid":"92","phone":"0129960188"},{"wid":"93","phone":"123456789"},{"wid":"94","phone":"123875430"},{"wid":"102","phone":"2312313"},{"wid":"101","phone":"2312313"},{"wid":"103","phone":"2312313"}]
    [feedback] => <div class='alert alert-success' role='alert'>


      <strong>SUCCESS!</strong> JOB REASSIGNED SUCCESSFULLY


      </div>

)
Array
(
    [type] => org
    [orgLogo] => 2/myOrg/1604425841
    [orgType] => 0
    [orgId] => 2
    [userid] => 82
    [fullName] => Ajmal
    [name] => Ajmal
    [username] => ajmal
    [email] => ajmal@jsoftsolution.com.my
    [status] => 1
    [role] => 4
    [userEditable] => 1
    [downloadclients] => 
    [editcomplaint] => 
    [paidStatus] => 
    [cid] => 158
    [clientAddress] => No, 4 G/R, Jalan BK 5A/2A, Bandar Kinrara,, , 47100, Puchong, SELANGOR
    [clientInstalAddress] =>  
    [stphone] => [{"wid":"80","phone":"60126926786"},{"wid":"81","phone":"601133519224"},{"wid":"82","phone":"918968022885"},{"wid":"83","phone":"919626175679"},{"wid":"84","phone":"0143344545"},{"wid":"85","phone":"0178880567"},{"wid":"86","phone":"0102974681"},{"wid":"89","phone":"011234567"},{"wid":"90","phone":"0112435678"},{"wid":"91","phone":"0125509210"},{"wid":"92","phone":"0129960188"},{"wid":"93","phone":"123456789"},{"wid":"94","phone":"123875430"},{"wid":"102","phone":"2312313"},{"wid":"101","phone":"2312313"},{"wid":"103","phone":"2312313"}]
    [feedback] => <div class='alert alert-success' role='alert'>


      <strong>SUCCESS!</strong> JOB REASSIGNED SUCCESSFULLY


      </div>

)
Array
(
    [type] => org
    [orgLogo] => 2/myOrg/1604425841
    [orgType] => 0
    [orgId] => 2
    [userid] => 82
    [fullName] => Ajmal
    [name] => Ajmal
    [username] => ajmal
    [email] => ajmal@jsoftsolution.com.my
    [status] => 1
    [role] => 4
    [userEditable] => 1
    [downloadclients] => 
    [editcomplaint] => 
    [paidStatus] => 
    [module] => Array
        (
            [0] => 
            [4] => 1
            [6] => 1
            [10] => 1
            [11] => 1
            [12] => 1
            [15] => 1
            [16] => 1
            [17] => 1
            [18] => 1
            [19] => 1
            [20] => 1
            [22] => 1
            [27] => 1
            [35] => 1
        )

    [cid] => 161
    [clientAddress] => C-2-22 CENTUM@OASIS CORPORATE PARK , NO 2, JALAN PJU 1A / 2 OASIS DAMANSARA, 47301 , PETALING JAYA, SELANGOR
    [clientInstalAddress] => C-2-22 CENTUM@OASIS CORPORATE PARK , NO 2, JALAN PJU 1A / 2 OASIS DAMANSARA, 47301 , PETALING JAYA, SELANGOR
)
Array
(
    [type] => org
    [orgLogo] => 2/myOrg/1604425841
    [orgType] => 0
    [orgId] => 2
    [userid] => 37
    [fullName] => Admin
    [name] => Admin
    [username] => admin
    [email] => admin@gmail.com
    [status] => 1
    [role] => 1
    [userEditable] => 
    [downloadclients] => 
    [editcomplaint] => 
    [paidStatus] => 
)
Array
(
    [type] => org
    [orgLogo] => 2/myOrg/1604425841
    [orgType] => 0
    [orgId] => 2
    [userid] => 37
    [fullName] => Admin
    [name] => Admin
    [username] => admin
    [email] => admin@gmail.com
    [status] => 1
    [role] => 1
    [userEditable] => 
    [downloadclients] => 
    [editcomplaint] => 
    [paidStatus] => 
)
Array
(
    [type] => org
    [orgLogo] => 2/myOrg/1604425841
    [orgType] => 0
    [orgId] => 2
    [userid] => 37
    [fullName] => Admin
    [name] => Admin
    [username] => admin
    [email] => admin@gmail.com
    [status] => 1
    [role] => 1
    [userEditable] => 
    [downloadclients] => 
    [editcomplaint] => 
    [paidStatus] => 
)
Array
(
    [type] => org
    [orgLogo] => 2/myOrg/1604425841
    [orgType] => 0
    [orgId] => 2
    [userid] => 37
    [fullName] => Admin
    [name] => Admin
    [username] => admin
    [email] => admin@gmail.com
    [status] => 1
    [role] => 1
    [userEditable] => 
    [downloadclients] => 
    [editcomplaint] => 
    [paidStatus] => 
)
Array
(
    [type] => org
    [orgLogo] => 2/myOrg/1604425841
    [orgType] => 0
    [orgId] => 2
    [userid] => 37
    [fullName] => Admin
    [name] => Admin
    [username] => admin
    [email] => admin@gmail.com
    [status] => 1
    [role] => 1
    [userEditable] => 
    [downloadclients] => 
    [editcomplaint] => 
    [paidStatus] => 
)
Array
(
    [type] => org
    [orgLogo] => 2/myOrg/1604425841
    [orgType] => 0
    [orgId] => 2
    [userid] => 37
    [fullName] => Admin
    [name] => Admin
    [username] => admin
    [email] => admin@gmail.com
    [status] => 1
    [role] => 1
    [userEditable] => 
    [downloadclients] => 
    [editcomplaint] => 
    [paidStatus] => 
)
Array
(
    [type] => org
    [orgLogo] => 2/myOrg/1604425841
    [orgType] => 0
    [orgId] => 2
    [userid] => 37
    [fullName] => Admin
    [name] => Admin
    [username] => admin
    [email] => admin@gmail.com
    [status] => 1
    [role] => 1
    [userEditable] => 
    [downloadclients] => 
    [editcomplaint] => 
    [paidStatus] => 
    [module] => Array
        (
            [0] => 
            [5] => 1
            [7] => 1
            [8] => 1
            [9] => 1
            [10] => 1
            [11] => 1
            [12] => 1
            [17] => 1
            [18] => 1
            [20] => 1
            [22] => 1
            [23] => 1
            [24] => 1
            [25] => 1
            [27] => 1
            [28] => 1
        )

)
Array
(
    [type] => org
    [orgLogo] => 2/myOrg/1604425841
    [orgType] => 0
    [orgId] => 2
    [userid] => 37
    [fullName] => Admin
    [name] => Admin
    [username] => admin
    [email] => admin@gmail.com
    [status] => 1
    [role] => 1
    [userEditable] => 
    [downloadclients] => 
    [editcomplaint] => 
    [paidStatus] => 
    [module] => Array
        (
            [0] => 
            [5] => 1
            [7] => 1
            [8] => 1
            [9] => 1
            [10] => 1
            [11] => 1
            [12] => 1
            [17] => 1
            [18] => 1
            [20] => 1
            [22] => 1
            [23] => 1
            [24] => 1
            [25] => 1
            [27] => 1
            [28] => 1
        )

)
Array
(
    [type] => org
    [orgLogo] => 2/myOrg/1604425841
    [orgType] => 0
    [orgId] => 2
    [userid] => 37
    [fullName] => Admin
    [name] => Admin
    [username] => admin
    [email] => admin@gmail.com
    [status] => 1
    [role] => 1
    [userEditable] => 
    [downloadclients] => 
    [editcomplaint] => 
    [paidStatus] => 
    [module] => Array
        (
            [0] => 
            [5] => 1
            [7] => 1
            [8] => 1
            [9] => 1
            [10] => 1
            [11] => 1
            [12] => 1
            [17] => 1
            [18] => 1
            [20] => 1
            [22] => 1
            [23] => 1
            [24] => 1
            [25] => 1
            [27] => 1
            [28] => 1
        )

)
Array
(
    [type] => org
    [orgLogo] => 2/myOrg/1604425841
    [orgType] => 0
    [orgId] => 2
    [userid] => 37
    [fullName] => Admin
    [name] => Admin
    [username] => admin
    [email] => admin@gmail.com
    [status] => 1
    [role] => 1
    [userEditable] => 
    [downloadclients] => 
    [editcomplaint] => 
    [paidStatus] => 
)
Array
(
    [type] => org
    [orgLogo] => 2/myOrg/1604425841
    [orgType] => 0
    [orgId] => 2
    [userid] => 37
    [fullName] => Admin
    [name] => Admin
    [username] => admin
    [email] => admin@gmail.com
    [status] => 1
    [role] => 1
    [userEditable] => 
    [downloadclients] => 
    [editcomplaint] => 
    [paidStatus] => 
)
Array
(
    [type] => org
    [orgLogo] => 2/myOrg/1604425841
    [orgType] => 0
    [orgId] => 2
    [userid] => 37
    [fullName] => Admin
    [name] => Admin
    [username] => admin
    [email] => admin@gmail.com
    [status] => 1
    [role] => 1
    [userEditable] => 
    [downloadclients] => 
    [editcomplaint] => 
    [paidStatus] => 
)
Array
(
    [type] => org
    [orgLogo] => 2/myOrg/1604425841
    [orgType] => 0
    [orgId] => 2
    [userid] => 37
    [fullName] => Admin
    [name] => Admin
    [username] => admin
    [email] => admin@gmail.com
    [status] => 1
    [role] => 1
    [userEditable] => 
    [downloadclients] => 
    [editcomplaint] => 
    [paidStatus] => 
)
Array
(
    [type] => org
    [orgLogo] => 2/myOrg/1604425841
    [orgType] => 0
    [orgId] => 2
    [userid] => 37
    [fullName] => Admin
    [name] => Admin
    [username] => admin
    [email] => admin@gmail.com
    [status] => 1
    [role] => 1
    [userEditable] => 
    [downloadclients] => 
    [editcomplaint] => 
    [paidStatus] => 
    [module] => Array
        (
            [0] => 
            [5] => 1
            [7] => 1
            [8] => 1
            [9] => 1
            [10] => 1
            [11] => 1
            [12] => 1
            [17] => 1
            [18] => 1
            [20] => 1
            [22] => 1
            [23] => 1
            [24] => 1
            [25] => 1
            [27] => 1
            [28] => 1
        )

)
Array
(
    [type] => org
    [orgLogo] => 2/myOrg/1604425841
    [orgType] => 0
    [orgId] => 2
    [userid] => 37
    [fullName] => Admin
    [name] => Admin
    [username] => admin
    [email] => admin@gmail.com
    [status] => 1
    [role] => 1
    [userEditable] => 
    [downloadclients] => 
    [editcomplaint] => 
    [paidStatus] => 
    [module] => Array
        (
            [0] => 
            [5] => 1
            [7] => 1
            [8] => 1
            [9] => 1
            [10] => 1
            [11] => 1
            [12] => 1
            [17] => 1
            [18] => 1
            [20] => 1
            [22] => 1
            [23] => 1
            [24] => 1
            [25] => 1
            [27] => 1
            [28] => 1
        )

)
Array
(
    [type] => org
    [orgLogo] => 2/myOrg/1604425841
    [orgType] => 0
    [orgId] => 2
    [userid] => 37
    [fullName] => Admin
    [name] => Admin
    [username] => admin
    [email] => admin@gmail.com
    [status] => 1
    [role] => 1
    [userEditable] => 
    [downloadclients] => 
    [editcomplaint] => 
    [paidStatus] => 
)
Array
(
    [type] => org
    [orgLogo] => 2/myOrg/1604425841
    [orgType] => 0
    [orgId] => 2
    [userid] => 37
    [fullName] => Admin
    [name] => Admin
    [username] => admin
    [email] => admin@gmail.com
    [status] => 1
    [role] => 1
    [userEditable] => 
    [downloadclients] => 
    [editcomplaint] => 
    [paidStatus] => 
    [stphone] => [{"wid":"80","phone":"60126926786"},{"wid":"89","phone":"011234567"},{"wid":"90","phone":"0112435678"},{"wid":"93","phone":"123456789"},{"wid":"94","phone":"123875430"},{"wid":"102","phone":"2312313"},{"wid":"101","phone":"2312313"},{"wid":"103","phone":"2312313"}]
    [module] => Array
        (
            [0] => 
            [5] => 1
            [7] => 1
            [8] => 1
            [9] => 1
            [10] => 1
            [11] => 1
            [12] => 1
            [17] => 1
            [18] => 1
            [20] => 1
            [22] => 1
            [23] => 1
            [24] => 1
            [25] => 1
            [27] => 1
            [28] => 1
        )

)
Array
(
    [type] => org
    [orgLogo] => 2/myOrg/1604425841
    [orgType] => 0
    [orgId] => 2
    [userid] => 37
    [fullName] => Admin
    [name] => Admin
    [username] => admin
    [email] => admin@gmail.com
    [status] => 1
    [role] => 1
    [userEditable] => 
    [downloadclients] => 
    [editcomplaint] => 
    [paidStatus] => 
    [stphone] => [{"wid":"80","phone":"60126926786"},{"wid":"81","phone":"601133519224"},{"wid":"82","phone":"918968022885"},{"wid":"83","phone":"919626175679"},{"wid":"84","phone":"0143344545"},{"wid":"85","phone":"0178880567"},{"wid":"86","phone":"0102974681"},{"wid":"89","phone":"011234567"},{"wid":"90","phone":"0112435678"},{"wid":"91","phone":"0125509210"},{"wid":"92","phone":"0129960188"},{"wid":"93","phone":"123456789"},{"wid":"94","phone":"123875430"},{"wid":"102","phone":"2312313"},{"wid":"101","phone":"2312313"},{"wid":"103","phone":"2312313"}]
    [idEdit] => 92
    [staffIdEdit] => t003
    [fullNameEdit] => TAN
    [nameEdit] => TAN
    [emailEdit] => tankangzhi@gmail.com
    [usernameEdit] => t003
    [passwordEdit] => 12345
    [roleEdit] => 4
    [phone] => 0129960188
    [module] => Array
        (
            [0] => 
            [5] => 1
            [7] => 1
            [8] => 1
            [9] => 1
            [10] => 1
            [11] => 1
            [12] => 1
            [17] => 1
            [18] => 1
            [20] => 1
            [22] => 1
            [23] => 1
            [24] => 1
            [25] => 1
            [27] => 1
            [28] => 1
        )

)
Array
(
    [type] => org
    [orgLogo] => 2/myOrg/1604425841
    [orgType] => 0
    [orgId] => 2
    [userid] => 37
    [fullName] => Admin
    [name] => Admin
    [username] => admin
    [email] => admin@gmail.com
    [status] => 1
    [role] => 1
    [userEditable] => 
    [downloadclients] => 
    [editcomplaint] => 
    [paidStatus] => 
    [stphone] => [{"wid":"80","phone":"60126926786"},{"wid":"89","phone":"011234567"},{"wid":"90","phone":"0112435678"},{"wid":"93","phone":"123456789"},{"wid":"94","phone":"123875430"},{"wid":"102","phone":"2312313"},{"wid":"101","phone":"2312313"},{"wid":"103","phone":"2312313"}]
    [idEdit] => 92
    [staffIdEdit] => t003
    [fullNameEdit] => TAN
    [nameEdit] => TAN
    [emailEdit] => tankangzhi@gmail.com
    [usernameEdit] => t003
    [passwordEdit] => 12345
    [roleEdit] => 4
    [phone] => 0129960188
    [module] => Array
        (
            [0] => 
            [5] => 1
            [7] => 1
            [8] => 1
            [9] => 1
            [10] => 1
            [11] => 1
            [12] => 1
            [17] => 1
            [18] => 1
            [20] => 1
            [22] => 1
            [23] => 1
            [24] => 1
            [25] => 1
            [27] => 1
            [28] => 1
        )

)
Array
(
    [type] => org
    [orgLogo] => 2/myOrg/1604425841
    [orgType] => 0
    [orgId] => 2
    [userid] => 37
    [fullName] => Admin
    [name] => Admin
    [username] => admin
    [email] => admin@gmail.com
    [status] => 1
    [role] => 1
    [userEditable] => 
    [downloadclients] => 
    [editcomplaint] => 
    [paidStatus] => 
    [stphone] => [{"wid":"80","phone":"60126926786"},{"wid":"81","phone":"601133519224"},{"wid":"82","phone":"918968022885"},{"wid":"83","phone":"919626175679"},{"wid":"84","phone":"0143344545"},{"wid":"85","phone":"0178880567"},{"wid":"86","phone":"0102974681"},{"wid":"89","phone":"011234567"},{"wid":"90","phone":"0112435678"},{"wid":"91","phone":"0125509210"},{"wid":"92","phone":"0129960188"},{"wid":"93","phone":"123456789"},{"wid":"94","phone":"123875430"},{"wid":"102","phone":"2312313"},{"wid":"101","phone":"2312313"},{"wid":"103","phone":"2312313"}]
    [idEdit] => 92
    [staffIdEdit] => t003
    [fullNameEdit] => TAN
    [nameEdit] => TAN
    [emailEdit] => tankangzhi@gmail.com
    [usernameEdit] => t003
    [passwordEdit] => 12345
    [roleEdit] => 4
    [phone] => 0129960188
    [feedback] => <div class='alert alert-success' role='alert'>


      <strong>SUCCESS!</strong> JOB REASSIGNED SUCCESSFULLY


      </div>

)
Array
(
    [type] => org
    [orgLogo] => 2/myOrg/1604425841
    [orgType] => 0
    [orgId] => 2
    [userid] => 37
    [fullName] => Admin
    [name] => Admin
    [username] => admin
    [email] => admin@gmail.com
    [status] => 1
    [role] => 1
    [userEditable] => 
    [downloadclients] => 
    [editcomplaint] => 
    [paidStatus] => 
    [module] => Array
        (
            [0] => 
            [5] => 1
            [7] => 1
            [8] => 1
            [9] => 1
            [10] => 1
            [11] => 1
            [12] => 1
            [17] => 1
            [18] => 1
            [22] => 1
            [23] => 1
            [24] => 1
            [25] => 1
            [27] => 1
            [28] => 1
        )

)
Array
(
    [type] => org
    [orgLogo] => 2/myOrg/1604425841
    [orgType] => 0
    [orgId] => 2
    [userid] => 37
    [fullName] => Admin
    [name] => Admin
    [username] => admin
    [email] => admin@gmail.com
    [status] => 1
    [role] => 1
    [userEditable] => 
    [downloadclients] => 
    [editcomplaint] => 
    [paidStatus] => 
    [module] => Array
        (
            [0] => 
            [5] => 1
            [7] => 1
            [8] => 1
            [9] => 1
            [10] => 1
            [11] => 1
            [12] => 1
            [17] => 1
            [18] => 1
            [20] => 1
            [22] => 1
            [23] => 1
            [24] => 1
            [25] => 1
            [27] => 1
            [28] => 1
        )

)
Array
(
    [type] => org
    [orgLogo] => 2/myOrg/1604425841
    [orgType] => 0
    [orgId] => 2
    [userid] => 82
    [fullName] => Ajmal
    [name] => Ajmal
    [username] => ajmal
    [email] => ajmal@jsoftsolution.com.my
    [status] => 1
    [role] => 4
    [internalUse] => 1
    [externalUse] => 1
    [staffCam] => 0
    [supportCam] => 1
    [userEditable] => 1
    [downloadclients] => 
    [editcomplaint] => 
    [paidStatus] => 
    [module] => Array
        (
            [0] => 
            [4] => 1
            [6] => 1
            [10] => 1
            [12] => 1
            [15] => 1
            [16] => 1
            [17] => 1
            [18] => 1
            [19] => 1
            [20] => 1
            [22] => 1
            [27] => 1
            [35] => 1
            [36] => 1
        )

    [cid] => 158
    [clientAddress] => No, 4 G/R, Jalan BK 5A/2A, Bandar Kinrara,, , 47100, Puchong, SELANGOR
    [clientInstalAddress] =>  
)
Array
(
    [type] => org
    [orgLogo] => 2/myOrg/1604425841
    [orgType] => 0
    [orgId] => 2
    [userid] => 37
    [fullName] => Admin
    [name] => Admin
    [username] => admin
    [email] => admin@gmail.com
    [status] => 1
    [role] => 1
    [internalUse] => 1
    [externalUse] => 1
    [staffCam] => 1
    [supportCam] => 0
    [userEditable] => 
    [downloadclients] => 
    [editcomplaint] => 
    [paidStatus] => 
    [module] => Array
        (
            [0] => 
            [5] => 1
            [7] => 1
            [8] => 1
            [9] => 1
            [10] => 1
            [12] => 1
            [17] => 1
            [18] => 1
            [20] => 1
            [22] => 1
            [23] => 1
            [24] => 1
            [25] => 1
            [27] => 1
            [28] => 1
            [37] => 1
            [38] => 1
        )

)
Array
(
    [type] => org
    [orgLogo] => 2/myOrg/1604425841
    [orgType] => 0
    [orgId] => 2
    [userid] => 37
    [fullName] => Admin
    [name] => Admin
    [username] => admin
    [email] => admin@gmail.com
    [status] => 1
    [role] => 1
    [internalUse] => 1
    [externalUse] => 1
    [staffCam] => 1
    [supportCam] => 0
    [userEditable] => 
    [downloadclients] => 
    [editcomplaint] => 
    [paidStatus] => 
)
Array
(
    [type] => org
    [orgLogo] => 2/myOrg/1604425841
    [orgType] => 0
    [orgId] => 2
    [userid] => 37
    [fullName] => Admin
    [name] => Admin
    [username] => admin
    [email] => admin@gmail.com
    [status] => 1
    [role] => 1
    [internalUse] => 1
    [externalUse] => 1
    [staffCam] => 1
    [supportCam] => 0
    [userEditable] => 
    [downloadclients] => 
    [editcomplaint] => 
    [paidStatus] => 
)
Array
(
    [type] => org
    [orgLogo] => 2/myOrg/1604425841
    [orgType] => 0
    [orgId] => 2
    [userid] => 37
    [fullName] => Admin
    [name] => Admin
    [username] => admin
    [email] => admin@gmail.com
    [status] => 1
    [role] => 1
    [internalUse] => 1
    [externalUse] => 1
    [staffCam] => 1
    [supportCam] => 1
    [userEditable] => 
    [downloadclients] => 
    [editcomplaint] => 
    [paidStatus] => 
    [hideQuotation] => 1
)
Array
(
    [type] => org
    [orgLogo] => 2/myOrg/1604425841
    [orgType] => 0
    [orgId] => 2
    [userid] => 37
    [fullName] => Admin
    [name] => Admin
    [username] => admin
    [email] => admin@gmail.com
    [status] => 1
    [role] => 1
    [internalUse] => 1
    [externalUse] => 1
    [staffCam] => 1
    [supportCam] => 1
    [userEditable] => 
    [downloadclients] => 
    [editcomplaint] => 
    [paidStatus] => 
    [hideQuotation] => 1
    [stphone] => [{"wid":"80","phone":"60126926786"},{"wid":"81","phone":"601133519224"},{"wid":"82","phone":"918968022885"},{"wid":"83","phone":"919626175679"},{"wid":"84","phone":"0143344545"},{"wid":"85","phone":"0178880567"},{"wid":"86","phone":"0102974681"},{"wid":"89","phone":"011234567"},{"wid":"90","phone":"0112435678"},{"wid":"91","phone":"0125509210"},{"wid":"92","phone":"0129960188"},{"wid":"93","phone":"123456789"},{"wid":"94","phone":"123875430"},{"wid":"102","phone":"2312313"},{"wid":"101","phone":"2312313"},{"wid":"103","phone":"2312313"}]
)
Array
(
    [type] => org
    [orgLogo] => 2/myOrg/1604425841
    [orgType] => 0
    [orgId] => 2
    [userid] => 37
    [fullName] => Admin
    [name] => Admin
    [username] => admin
    [email] => admin@gmail.com
    [status] => 1
    [role] => 1
    [internalUse] => 1
    [externalUse] => 1
    [staffCam] => 1
    [supportCam] => 1
    [userEditable] => 
    [downloadclients] => 
    [editcomplaint] => 
    [paidStatus] => 
    [hideQuotation] => 1
    [stphone] => [{"wid":"80","phone":"60126926786"},{"wid":"81","phone":"601133519224"},{"wid":"82","phone":"918968022885"},{"wid":"83","phone":"919626175679"},{"wid":"84","phone":"0143344545"},{"wid":"85","phone":"0178880567"},{"wid":"86","phone":"0102974681"},{"wid":"89","phone":"011234567"},{"wid":"90","phone":"0112435678"},{"wid":"91","phone":"0125509210"},{"wid":"92","phone":"0129960188"},{"wid":"93","phone":"123456789"},{"wid":"94","phone":"123875430"},{"wid":"102","phone":"2312313"},{"wid":"101","phone":"2312313"},{"wid":"103","phone":"2312313"}]
    [feedback] => <div class='alert alert-success' role='alert'>


					<strong>SUCCESS!</strong> JOB ASSIGNED SUCCESSFULLY


					</div>
/n<div class='alert alert-warning' role='alert'>

		<strong>FAILED!</strong> FAILED TO SEND E-MAIL 

		</div>

)
Array
(
    [type] => org
    [orgLogo] => 2/myOrg/1604425841
    [orgType] => 0
    [orgId] => 2
    [userid] => 37
    [fullName] => Admin
    [name] => Admin
    [username] => admin
    [email] => admin@gmail.com
    [status] => 1
    [role] => 1
    [internalUse] => 1
    [externalUse] => 1
    [staffCam] => 1
    [supportCam] => 1
    [userEditable] => 
    [downloadclients] => 
    [editcomplaint] => 
    [paidStatus] => 
    [hideQuotation] => 1
    [stphone] => [{"wid":"80","phone":"60126926786"},{"wid":"81","phone":"601133519224"},{"wid":"82","phone":"918968022885"},{"wid":"83","phone":"919626175679"},{"wid":"84","phone":"0143344545"},{"wid":"85","phone":"0178880567"},{"wid":"86","phone":"0102974681"},{"wid":"89","phone":"011234567"},{"wid":"90","phone":"0112435678"},{"wid":"91","phone":"0125509210"},{"wid":"92","phone":"0129960188"},{"wid":"93","phone":"123456789"},{"wid":"94","phone":"123875430"},{"wid":"102","phone":"2312313"},{"wid":"101","phone":"2312313"},{"wid":"103","phone":"2312313"}]
    [feedback] => <div class='alert alert-success' role='alert'>


      <strong>SUCCESS!</strong> JOB REASSIGNED SUCCESSFULLY


      </div>

)
Array
(
    [type] => org
    [orgLogo] => 2/myOrg/1604425841
    [orgType] => 0
    [orgId] => 2
    [userid] => 37
    [fullName] => Admin
    [name] => Admin
    [username] => admin
    [email] => admin@gmail.com
    [status] => 1
    [role] => 1
    [internalUse] => 1
    [externalUse] => 1
    [staffCam] => 1
    [supportCam] => 1
    [userEditable] => 
    [downloadclients] => 
    [editcomplaint] => 
    [paidStatus] => 
    [hideQuotation] => 1
    [stphone] => [{"wid":"80","phone":"60126926786"},{"wid":"81","phone":"601133519224"},{"wid":"82","phone":"918968022885"},{"wid":"83","phone":"919626175679"},{"wid":"84","phone":"0143344545"},{"wid":"85","phone":"0178880567"},{"wid":"86","phone":"0102974681"},{"wid":"89","phone":"011234567"},{"wid":"90","phone":"0112435678"},{"wid":"91","phone":"0125509210"},{"wid":"92","phone":"0129960188"},{"wid":"93","phone":"123456789"},{"wid":"94","phone":"123875430"},{"wid":"102","phone":"2312313"},{"wid":"101","phone":"2312313"},{"wid":"103","phone":"2312313"}]
    [feedback] => <div class='alert alert-success' role='alert'>


      <strong>SUCCESS!</strong> JOB REASSIGNED SUCCESSFULLY


      </div>

)
Array
(
    [type] => org
    [orgLogo] => 2/myOrg/1604425841
    [orgType] => 0
    [orgId] => 2
    [userid] => 37
    [fullName] => Admin
    [name] => Admin
    [username] => admin
    [email] => admin@gmail.com
    [status] => 1
    [role] => 1
    [internalUse] => 1
    [externalUse] => 1
    [staffCam] => 1
    [supportCam] => 1
    [userEditable] => 
    [downloadclients] => 
    [editcomplaint] => 
    [paidStatus] => 
    [hideQuotation] => 1
    [stphone] => [{"wid":"80","phone":"60126926786"},{"wid":"81","phone":"601133519224"},{"wid":"82","phone":"918968022885"},{"wid":"83","phone":"919626175679"},{"wid":"84","phone":"0143344545"},{"wid":"85","phone":"0178880567"},{"wid":"86","phone":"0102974681"},{"wid":"89","phone":"011234567"},{"wid":"90","phone":"0112435678"},{"wid":"91","phone":"0125509210"},{"wid":"92","phone":"0129960188"},{"wid":"93","phone":"123456789"},{"wid":"94","phone":"123875430"},{"wid":"102","phone":"2312313"},{"wid":"101","phone":"2312313"},{"wid":"103","phone":"2312313"}]
    [feedback] => <div class='alert alert-success' role='alert'>


      <strong>SUCCESS!</strong> JOB REASSIGNED SUCCESSFULLY


      </div>

)
Array
(
    [type] => org
    [orgLogo] => 2/myOrg/1604425841
    [orgType] => 0
    [orgId] => 2
    [userid] => 37
    [fullName] => Admin
    [name] => Admin
    [username] => admin
    [email] => admin@gmail.com
    [status] => 1
    [role] => 1
    [internalUse] => 1
    [externalUse] => 1
    [staffCam] => 1
    [supportCam] => 1
    [userEditable] => 
    [downloadclients] => 
    [editcomplaint] => 
    [paidStatus] => 
    [hideQuotation] => 1
    [stphone] => [{"wid":"80","phone":"60126926786"},{"wid":"81","phone":"601133519224"},{"wid":"82","phone":"918968022885"},{"wid":"83","phone":"919626175679"},{"wid":"84","phone":"0143344545"},{"wid":"85","phone":"0178880567"},{"wid":"86","phone":"0102974681"},{"wid":"89","phone":"011234567"},{"wid":"90","phone":"0112435678"},{"wid":"91","phone":"0125509210"},{"wid":"92","phone":"0129960188"},{"wid":"93","phone":"123456789"},{"wid":"94","phone":"123875430"},{"wid":"102","phone":"2312313"},{"wid":"101","phone":"2312313"},{"wid":"103","phone":"2312313"}]
    [feedback] => <div class='alert alert-success' role='alert'>


      <strong>SUCCESS!</strong> JOB REASSIGNED SUCCESSFULLY


      </div>

)
