
[Fri, 02 Oct 20 13:50:08 +0800]:number60123456789result:
[Mon, 19 Oct 20 14:30:36 +0800]:number60126926786result:status=0&msgid=jsofthttps1019143036950906
[Wed, 21 Oct 20 11:12:27 +0800]:number60126926786result:status=0&msgid=jsofthttps1021111227632925
[Wed, 21 Oct 20 13:08:28 +0800]:number60126926786result:status=0&msgid=jsofthttps1021130828683201
[Wed, 28 Oct 20 12:08:35 +0800]:number60126926786result:status=0&msgid=jsofthttps1028120836697038&sms_split=2
[Wed, 28 Oct 20 12:23:40 +0800]:number60126926786result:status=0&msgid=jsofthttps1028122340737172&sms_split=2
[Wed, 28 Oct 20 13:41:40 +0800]:number60126926786result:status=0&msgid=jsofthttps1028134140941926&sms_split=2
[Wed, 28 Oct 20 13:46:09 +0800]:number60126926786result:status=0&msgid=jsofthttps1028134609952554&sms_split=2
[Wed, 28 Oct 20 13:57:55 +0800]:number60126926786result:status=0&msgid=jsofthttps1028135755980762&sms_split=2
[Thu, 05 Nov 20 17:27:33 +0800]:number60126926786result:status=0&msgid=jsofthttps1105172734603196&sms_split=2
[Thu, 05 Nov 20 17:34:20 +0800]:number60125509210result:status=0&msgid=jsofthttps1105173420604123&sms_split=2
[Wed, 25 Nov 20 17:43:29 +0800]:number600143344545result:status=0&msgid=jsofthttps1125174329329318&sms_split=2
[Fri, 04 Dec 20 15:42:09 +0800]:number60011234567result:status=2&sms_split=2&err_msg=Insufficient+balance
[Tue, 08 Dec 20 12:06:05 +0800]:number60011234567result:status=2&sms_split=2&err_msg=Insufficient+balance
[Mon, 14 Dec 20 07:24:02 +0800]:number6011234567result:status=2&sms_split=2&err_msg=Insufficient+balance
[Mon, 14 Dec 20 15:39:45 +0800]:number60125509210result:status=2&sms_split=2&err_msg=Insufficient+balance
[Mon, 14 Dec 20 15:40:02 +0800]:number60125509210result:status=2&sms_split=2&err_msg=Insufficient+balance
[Mon, 14 Dec 20 15:40:23 +0800]:number60125509210result:status=2&sms_split=2&err_msg=Insufficient+balance
[Mon, 14 Dec 20 15:40:53 +0800]:number60102974681result:status=2&sms_split=2&err_msg=Insufficient+balance
[Mon, 14 Dec 20 15:42:12 +0800]:number660126926786result:status=28&sms_split=2&err_msg=Invalid+destination+number
[Mon, 14 Dec 20 15:42:23 +0800]:number660126926786result:status=28&sms_split=2&err_msg=Invalid+destination+number
[Thu, 24 Dec 20 08:42:34 +0800]:number6011234567result:status=2&sms_split=2&err_msg=Insufficient+balance
[Thu, 24 Dec 20 08:42:42 +0800]:number6011234567result:status=2&sms_split=2&err_msg=Insufficient+balance
[Thu, 24 Dec 20 10:52:29 +0800]:number6011234567result:status=2&sms_split=2&err_msg=Insufficient+balance
[Mon, 12 Apr 21 14:52:07 +0800]:number660126926786result:
[Mon, 12 Apr 21 16:02:17 +0800]:number660126926786result:
[Sun, 18 Apr 21 19:57:06 +0800]:number660126926786result:
[Thu, 22 Apr 21 14:09:55 +0800]:number6011234567result:
[Fri, 23 Apr 21 14:07:52 +0800]:number660126926786result:
[Fri, 23 Apr 21 16:32:50 +0800]:number660126926786result:
[Fri, 23 Apr 21 16:41:39 +0800]:number660126926786result:
[Fri, 23 Apr 21 16:48:55 +0800]:number660126926786result:
[Fri, 23 Apr 21 16:52:22 +0800]:number660126926786result:
[Fri, 23 Apr 21 17:06:42 +0800]:number660126926786result:
[Fri, 23 Apr 21 17:16:58 +0800]:number660126926786result:
[Mon, 31 May 21 18:05:03 +0800]:number6918968022885result:
[Thu, 03 Jun 21 07:51:41 +0800]:number6918968022885result:
[Fri, 11 Jun 21 21:18:15 +0800]:number660126926786result:
[Mon, 14 Jun 21 13:24:23 +0800]:number660126926786result:
[Tue, 15 Jun 21 11:25:29 +0800]:number660126926786result:
[Tue, 22 Jun 21 20:51:20 +0800]:number660126926786result:
[Tue, 29 Jun 21 12:55:53 +0800]:number6918968022885result:
[Tue, 29 Jun 21 12:56:17 +0800]:number6918968022885result:
[Tue, 29 Jun 21 12:56:41 +0800]:number6918968022885result:
[Tue, 29 Jun 21 12:59:20 +0800]:number6918968022885result:
[Tue, 29 Jun 21 12:59:44 +0800]:number6918968022885result:
[Tue, 29 Jun 21 13:01:11 +0800]:number6918968022885result:
[Tue, 29 Jun 21 13:01:46 +0800]:number6918968022885result:
[Tue, 29 Jun 21 13:02:10 +0800]:number6918968022885result:
[Tue, 29 Jun 21 13:02:33 +0800]:number6918968022885result:
[Tue, 29 Jun 21 13:04:40 +0800]:number6918968022885result:
[Fri, 16 Jul 21 11:22:00 +0800]:number6918968022885result:
[Fri, 16 Jul 21 12:28:27 +0800]:number660126926786result:
[Fri, 16 Jul 21 12:28:50 +0800]:number6918968022885result:
[Fri, 16 Jul 21 12:29:37 +0800]:number6918968022885result:
[Fri, 27 Aug 21 13:53:34 +0800]:number6000993942232result:
[Wed, 01 Sep 21 20:00:28 +0800]:number6000993942232result:
[Wed, 01 Sep 21 20:03:28 +0800]:number6000993942232result:
[Wed, 01 Sep 21 20:05:42 +0800]:number6000993942232result:
[Wed, 01 Sep 21 20:10:16 +0800]:number6000993942232result:
[Wed, 01 Sep 21 20:23:57 +0800]:number6000993942232result:
[Wed, 01 Sep 21 20:31:36 +0800]:number6000993942232result:
[Wed, 01 Sep 21 20:40:51 +0800]:number6000993942232result:
[Wed, 29 Sep 21 01:02:29 +0800]:number6000993942232result:
[Wed, 29 Sep 21 01:03:20 +0800]:number6000993942232result:
[Wed, 29 Sep 21 01:11:16 +0800]:number6000993942232result:
[Wed, 29 Sep 21 01:43:42 +0800]:number6000993942232result:
[Wed, 29 Sep 21 01:45:08 +0800]:number6000993942232result:
[Wed, 29 Sep 21 01:49:31 +0800]:number6000993942232result:
[Wed, 29 Sep 21 01:59:20 +0800]:number6000993942232result:
[Wed, 29 Sep 21 02:14:18 +0800]:number6000993942232result:
[Wed, 29 Sep 21 02:28:09 +0800]:number6000993942232result:
[Wed, 29 Sep 21 02:33:54 +0800]:number6000993942232result:
[Wed, 29 Sep 21 02:35:06 +0800]:number6000993942232result:
[Wed, 29 Sep 21 02:51:31 +0800]:number6000993942232result:
[Wed, 29 Sep 21 02:57:10 +0800]:number60176448240result:
[Wed, 29 Sep 21 03:09:50 +0800]:number6000993942232result:
[Wed, 29 Sep 21 03:10:37 +0800]:number6000993942232result:
[Wed, 29 Sep 21 03:14:36 +0800]:number6000993942232result:
[Wed, 29 Sep 21 04:02:06 +0800]:number6000993942232result:
[Wed, 29 Sep 21 04:03:14 +0800]:number60176448240result:
[Wed, 29 Sep 21 04:06:04 +0800]:number6859430324result:
[Tue, 05 Oct 21 19:46:15 +0800]:number6000993942232result:
[Sat, 09 Oct 21 08:18:59 +0800]:number6000993942232result:
[Sat, 09 Oct 21 08:25:46 +0800]:number6000993942232result:
[Sat, 09 Oct 21 08:27:47 +0800]:number6000993942232result:
[Sat, 09 Oct 21 16:15:02 +0800]:number61234567890result:
[Sat, 09 Oct 21 16:22:28 +0800]:number61234567890result:
[Sat, 09 Oct 21 16:50:43 +0800]:number61234567890result:
[Sat, 09 Oct 21 16:57:23 +0800]:number61234567890result:
[Tue, 12 Oct 21 14:59:54 +0800]:number6000993942232result:
[Tue, 14 Dec 21 16:13:35 +0800]:number60176448240result:
[Tue, 14 Dec 21 16:18:23 +0800]:number61234567891result:
[Wed, 15 Dec 21 01:17:30 +0800]:number60176448240result:
[Mon, 27 Dec 21 12:58:00 +0800]:number60176448240result:
[Wed, 12 Jan 22 14:51:46 +0800]:number6000993942232result:
[Wed, 12 Jan 22 15:05:09 +0800]:number6000993942232result:
[Wed, 12 Jan 22 15:07:17 +0800]:number6000993942232result:
[Wed, 12 Jan 22 18:55:38 +0800]:number6000993942232result:
[Wed, 12 Jan 22 18:56:44 +0800]:number6000993942232result: